This is pdfTeX, Version 3.14159265-2.6-1.40.19 (MiKTeX 2.9.6630 64-bit) (preloaded format=pdflatex 2018.3.15)  4 OCT 2018 16:06
entering extended mode
**./thesis.tex
(thesis.tex
LaTeX2e <2017-04-15>
Babel <3.18> and hyphenation patterns for 75 language(s) loaded.
("C:\Users\claudio\AppData\Local\Programs\MiKTeX 2.9\tex\latex\base\article.cls
"
Document Class: article 2014/09/29 v1.4h Standard LaTeX document class
("C:\Users\claudio\AppData\Local\Programs\MiKTeX 2.9\tex\latex\base\size11.clo"
File: size11.clo 2014/09/29 v1.4h Standard LaTeX file (size option)
)
\c@part=\count79
\c@section=\count80
\c@subsection=\count81
\c@subsubsection=\count82
\c@paragraph=\count83
\c@subparagraph=\count84
\c@figure=\count85
\c@table=\count86
\abovecaptionskip=\skip41
\belowcaptionskip=\skip42
\bibindent=\dimen102
)
("C:\Users\claudio\AppData\Local\Programs\MiKTeX 2.9\tex\latex\koma-script\type
area.sty"
Package: typearea 2018/03/30 v3.25 KOMA-Script package (type area)

("C:\Users\claudio\AppData\Local\Programs\MiKTeX 2.9\tex\latex\koma-script\scrk
base.sty"
Package: scrkbase 2018/03/30 v3.25 KOMA-Script package (KOMA-Script-dependent b
asics and keyval usage)

("C:\Users\claudio\AppData\Local\Programs\MiKTeX 2.9\tex\latex\koma-script\scrb
ase.sty"
Package: scrbase 2018/03/30 v3.25 KOMA-Script package (KOMA-Script-independent 
basics and keyval usage)

("C:\Users\claudio\AppData\Local\Programs\MiKTeX 2.9\tex\latex\graphics\keyval.
sty"
Package: keyval 2014/10/28 v1.15 key=value parser (DPC)
\KV@toks@=\toks14
)
("C:\Users\claudio\AppData\Local\Programs\MiKTeX 2.9\tex\latex\koma-script\scrl
file.sty"
Package: scrlfile 2018/03/30 v3.25 KOMA-Script package (loading files)
)))
\ta@bcor=\skip43
\ta@div=\count87
\ta@hblk=\skip44
\ta@vblk=\skip45
\ta@temp=\skip46
\footheight=\skip47
Package typearea Info: These are the values describing the layout:
(typearea)             DIV  = 10
(typearea)             BCOR = 0.0pt
(typearea)             \paperwidth      = 597.50793pt
(typearea)              \textwidth      = 418.25555pt
(typearea)              DIV departure   = -6%
(typearea)              \evensidemargin = 17.3562pt
(typearea)              \oddsidemargin  = 17.3562pt
(typearea)             \paperheight     = 845.04694pt
(typearea)              \textheight     = 595.80026pt
(typearea)              \topmargin      = -25.16531pt
(typearea)              \headheight     = 17.0pt
(typearea)              \headsep        = 20.40001pt
(typearea)              \topskip        = 11.0pt
(typearea)              \footskip       = 47.6pt
(typearea)              \baselineskip   = 13.6pt
(typearea)              on input line 1706.
)
("C:\Users\claudio\AppData\Local\Programs\MiKTeX 2.9\tex\latex\base\inputenc.st
y"
Package: inputenc 2015/03/17 v1.2c Input encoding file
\inpenc@prehook=\toks15
\inpenc@posthook=\toks16
 ("C:\Users\claudio\AppData\Local\Programs\MiKTeX 2.9\tex\latex\base\utf8.def"
File: utf8.def 2017/01/28 v1.1t UTF-8 support for inputenc
Now handling font encoding OML ...
... no UTF-8 mapping file for font encoding OML
Now handling font encoding T1 ...
... processing UTF-8 mapping file for font encoding T1
 ("C:\Users\claudio\AppData\Local\Programs\MiKTeX 2.9\tex\latex\base\t1enc.dfu"
File: t1enc.dfu 2017/01/28 v1.1t UTF-8 support for inputenc
   defining Unicode char U+00A0 (decimal 160)
   defining Unicode char U+00A1 (decimal 161)
   defining Unicode char U+00A3 (decimal 163)
   defining Unicode char U+00AB (decimal 171)
   defining Unicode char U+00AD (decimal 173)
   defining Unicode char U+00BB (decimal 187)
   defining Unicode char U+00BF (decimal 191)
   defining Unicode char U+00C0 (decimal 192)
   defining Unicode char U+00C1 (decimal 193)
   defining Unicode char U+00C2 (decimal 194)
   defining Unicode char U+00C3 (decimal 195)
   defining Unicode char U+00C4 (decimal 196)
   defining Unicode char U+00C5 (decimal 197)
   defining Unicode char U+00C6 (decimal 198)
   defining Unicode char U+00C7 (decimal 199)
   defining Unicode char U+00C8 (decimal 200)
   defining Unicode char U+00C9 (decimal 201)
   defining Unicode char U+00CA (decimal 202)
   defining Unicode char U+00CB (decimal 203)
   defining Unicode char U+00CC (decimal 204)
   defining Unicode char U+00CD (decimal 205)
   defining Unicode char U+00CE (decimal 206)
   defining Unicode char U+00CF (decimal 207)
   defining Unicode char U+00D0 (decimal 208)
   defining Unicode char U+00D1 (decimal 209)
   defining Unicode char U+00D2 (decimal 210)
   defining Unicode char U+00D3 (decimal 211)
   defining Unicode char U+00D4 (decimal 212)
   defining Unicode char U+00D5 (decimal 213)
   defining Unicode char U+00D6 (decimal 214)
   defining Unicode char U+00D8 (decimal 216)
   defining Unicode char U+00D9 (decimal 217)
   defining Unicode char U+00DA (decimal 218)
   defining Unicode char U+00DB (decimal 219)
   defining Unicode char U+00DC (decimal 220)
   defining Unicode char U+00DD (decimal 221)
   defining Unicode char U+00DE (decimal 222)
   defining Unicode char U+00DF (decimal 223)
   defining Unicode char U+00E0 (decimal 224)
   defining Unicode char U+00E1 (decimal 225)
   defining Unicode char U+00E2 (decimal 226)
   defining Unicode char U+00E3 (decimal 227)
   defining Unicode char U+00E4 (decimal 228)
   defining Unicode char U+00E5 (decimal 229)
   defining Unicode char U+00E6 (decimal 230)
   defining Unicode char U+00E7 (decimal 231)
   defining Unicode char U+00E8 (decimal 232)
   defining Unicode char U+00E9 (decimal 233)
   defining Unicode char U+00EA (decimal 234)
   defining Unicode char U+00EB (decimal 235)
   defining Unicode char U+00EC (decimal 236)
   defining Unicode char U+00ED (decimal 237)
   defining Unicode char U+00EE (decimal 238)
   defining Unicode char U+00EF (decimal 239)
   defining Unicode char U+00F0 (decimal 240)
   defining Unicode char U+00F1 (decimal 241)
   defining Unicode char U+00F2 (decimal 242)
   defining Unicode char U+00F3 (decimal 243)
   defining Unicode char U+00F4 (decimal 244)
   defining Unicode char U+00F5 (decimal 245)
   defining Unicode char U+00F6 (decimal 246)
   defining Unicode char U+00F8 (decimal 248)
   defining Unicode char U+00F9 (decimal 249)
   defining Unicode char U+00FA (decimal 250)
   defining Unicode char U+00FB (decimal 251)
   defining Unicode char U+00FC (decimal 252)
   defining Unicode char U+00FD (decimal 253)
   defining Unicode char U+00FE (decimal 254)
   defining Unicode char U+00FF (decimal 255)
   defining Unicode char U+0100 (decimal 256)
   defining Unicode char U+0101 (decimal 257)
   defining Unicode char U+0102 (decimal 258)
   defining Unicode char U+0103 (decimal 259)
   defining Unicode char U+0104 (decimal 260)
   defining Unicode char U+0105 (decimal 261)
   defining Unicode char U+0106 (decimal 262)
   defining Unicode char U+0107 (decimal 263)
   defining Unicode char U+0108 (decimal 264)
   defining Unicode char U+0109 (decimal 265)
   defining Unicode char U+010A (decimal 266)
   defining Unicode char U+010B (decimal 267)
   defining Unicode char U+010C (decimal 268)
   defining Unicode char U+010D (decimal 269)
   defining Unicode char U+010E (decimal 270)
   defining Unicode char U+010F (decimal 271)
   defining Unicode char U+0110 (decimal 272)
   defining Unicode char U+0111 (decimal 273)
   defining Unicode char U+0112 (decimal 274)
   defining Unicode char U+0113 (decimal 275)
   defining Unicode char U+0114 (decimal 276)
   defining Unicode char U+0115 (decimal 277)
   defining Unicode char U+0116 (decimal 278)
   defining Unicode char U+0117 (decimal 279)
   defining Unicode char U+0118 (decimal 280)
   defining Unicode char U+0119 (decimal 281)
   defining Unicode char U+011A (decimal 282)
   defining Unicode char U+011B (decimal 283)
   defining Unicode char U+011C (decimal 284)
   defining Unicode char U+011D (decimal 285)
   defining Unicode char U+011E (decimal 286)
   defining Unicode char U+011F (decimal 287)
   defining Unicode char U+0120 (decimal 288)
   defining Unicode char U+0121 (decimal 289)
   defining Unicode char U+0122 (decimal 290)
   defining Unicode char U+0123 (decimal 291)
   defining Unicode char U+0124 (decimal 292)
   defining Unicode char U+0125 (decimal 293)
   defining Unicode char U+0128 (decimal 296)
   defining Unicode char U+0129 (decimal 297)
   defining Unicode char U+012A (decimal 298)
   defining Unicode char U+012B (decimal 299)
   defining Unicode char U+012C (decimal 300)
   defining Unicode char U+012D (decimal 301)
   defining Unicode char U+012E (decimal 302)
   defining Unicode char U+012F (decimal 303)
   defining Unicode char U+0130 (decimal 304)
   defining Unicode char U+0131 (decimal 305)
   defining Unicode char U+0132 (decimal 306)
   defining Unicode char U+0133 (decimal 307)
   defining Unicode char U+0134 (decimal 308)
   defining Unicode char U+0135 (decimal 309)
   defining Unicode char U+0136 (decimal 310)
   defining Unicode char U+0137 (decimal 311)
   defining Unicode char U+0139 (decimal 313)
   defining Unicode char U+013A (decimal 314)
   defining Unicode char U+013B (decimal 315)
   defining Unicode char U+013C (decimal 316)
   defining Unicode char U+013D (decimal 317)
   defining Unicode char U+013E (decimal 318)
   defining Unicode char U+0141 (decimal 321)
   defining Unicode char U+0142 (decimal 322)
   defining Unicode char U+0143 (decimal 323)
   defining Unicode char U+0144 (decimal 324)
   defining Unicode char U+0145 (decimal 325)
   defining Unicode char U+0146 (decimal 326)
   defining Unicode char U+0147 (decimal 327)
   defining Unicode char U+0148 (decimal 328)
   defining Unicode char U+014A (decimal 330)
   defining Unicode char U+014B (decimal 331)
   defining Unicode char U+014C (decimal 332)
   defining Unicode char U+014D (decimal 333)
   defining Unicode char U+014E (decimal 334)
   defining Unicode char U+014F (decimal 335)
   defining Unicode char U+0150 (decimal 336)
   defining Unicode char U+0151 (decimal 337)
   defining Unicode char U+0152 (decimal 338)
   defining Unicode char U+0153 (decimal 339)
   defining Unicode char U+0154 (decimal 340)
   defining Unicode char U+0155 (decimal 341)
   defining Unicode char U+0156 (decimal 342)
   defining Unicode char U+0157 (decimal 343)
   defining Unicode char U+0158 (decimal 344)
   defining Unicode char U+0159 (decimal 345)
   defining Unicode char U+015A (decimal 346)
   defining Unicode char U+015B (decimal 347)
   defining Unicode char U+015C (decimal 348)
   defining Unicode char U+015D (decimal 349)
   defining Unicode char U+015E (decimal 350)
   defining Unicode char U+015F (decimal 351)
   defining Unicode char U+0160 (decimal 352)
   defining Unicode char U+0161 (decimal 353)
   defining Unicode char U+0162 (decimal 354)
   defining Unicode char U+0163 (decimal 355)
   defining Unicode char U+0164 (decimal 356)
   defining Unicode char U+0165 (decimal 357)
   defining Unicode char U+0168 (decimal 360)
   defining Unicode char U+0169 (decimal 361)
   defining Unicode char U+016A (decimal 362)
   defining Unicode char U+016B (decimal 363)
   defining Unicode char U+016C (decimal 364)
   defining Unicode char U+016D (decimal 365)
   defining Unicode char U+016E (decimal 366)
   defining Unicode char U+016F (decimal 367)
   defining Unicode char U+0170 (decimal 368)
   defining Unicode char U+0171 (decimal 369)
   defining Unicode char U+0172 (decimal 370)
   defining Unicode char U+0173 (decimal 371)
   defining Unicode char U+0174 (decimal 372)
   defining Unicode char U+0175 (decimal 373)
   defining Unicode char U+0176 (decimal 374)
   defining Unicode char U+0177 (decimal 375)
   defining Unicode char U+0178 (decimal 376)
   defining Unicode char U+0179 (decimal 377)
   defining Unicode char U+017A (decimal 378)
   defining Unicode char U+017B (decimal 379)
   defining Unicode char U+017C (decimal 380)
   defining Unicode char U+017D (decimal 381)
   defining Unicode char U+017E (decimal 382)
   defining Unicode char U+01CD (decimal 461)
   defining Unicode char U+01CE (decimal 462)
   defining Unicode char U+01CF (decimal 463)
   defining Unicode char U+01D0 (decimal 464)
   defining Unicode char U+01D1 (decimal 465)
   defining Unicode char U+01D2 (decimal 466)
   defining Unicode char U+01D3 (decimal 467)
   defining Unicode char U+01D4 (decimal 468)
   defining Unicode char U+01E2 (decimal 482)
   defining Unicode char U+01E3 (decimal 483)
   defining Unicode char U+01E6 (decimal 486)
   defining Unicode char U+01E7 (decimal 487)
   defining Unicode char U+01E8 (decimal 488)
   defining Unicode char U+01E9 (decimal 489)
   defining Unicode char U+01EA (decimal 490)
   defining Unicode char U+01EB (decimal 491)
   defining Unicode char U+01F0 (decimal 496)
   defining Unicode char U+01F4 (decimal 500)
   defining Unicode char U+01F5 (decimal 501)
   defining Unicode char U+0218 (decimal 536)
   defining Unicode char U+0219 (decimal 537)
   defining Unicode char U+021A (decimal 538)
   defining Unicode char U+021B (decimal 539)
   defining Unicode char U+0232 (decimal 562)
   defining Unicode char U+0233 (decimal 563)
   defining Unicode char U+1E02 (decimal 7682)
   defining Unicode char U+1E03 (decimal 7683)
   defining Unicode char U+200C (decimal 8204)
   defining Unicode char U+2010 (decimal 8208)
   defining Unicode char U+2011 (decimal 8209)
   defining Unicode char U+2012 (decimal 8210)
   defining Unicode char U+2013 (decimal 8211)
   defining Unicode char U+2014 (decimal 8212)
   defining Unicode char U+2015 (decimal 8213)
   defining Unicode char U+2018 (decimal 8216)
   defining Unicode char U+2019 (decimal 8217)
   defining Unicode char U+201A (decimal 8218)
   defining Unicode char U+201C (decimal 8220)
   defining Unicode char U+201D (decimal 8221)
   defining Unicode char U+201E (decimal 8222)
   defining Unicode char U+2030 (decimal 8240)
   defining Unicode char U+2031 (decimal 8241)
   defining Unicode char U+2039 (decimal 8249)
   defining Unicode char U+203A (decimal 8250)
   defining Unicode char U+2423 (decimal 9251)
   defining Unicode char U+1E20 (decimal 7712)
   defining Unicode char U+1E21 (decimal 7713)
)
Now handling font encoding OT1 ...
... processing UTF-8 mapping file for font encoding OT1

("C:\Users\claudio\AppData\Local\Programs\MiKTeX 2.9\tex\latex\base\ot1enc.dfu"
File: ot1enc.dfu 2017/01/28 v1.1t UTF-8 support for inputenc
   defining Unicode char U+00A0 (decimal 160)
   defining Unicode char U+00A1 (decimal 161)
   defining Unicode char U+00A3 (decimal 163)
   defining Unicode char U+00AD (decimal 173)
   defining Unicode char U+00B8 (decimal 184)
   defining Unicode char U+00BF (decimal 191)
   defining Unicode char U+00C5 (decimal 197)
   defining Unicode char U+00C6 (decimal 198)
   defining Unicode char U+00D8 (decimal 216)
   defining Unicode char U+00DF (decimal 223)
   defining Unicode char U+00E6 (decimal 230)
   defining Unicode char U+00EC (decimal 236)
   defining Unicode char U+00ED (decimal 237)
   defining Unicode char U+00EE (decimal 238)
   defining Unicode char U+00EF (decimal 239)
   defining Unicode char U+00F8 (decimal 248)
   defining Unicode char U+0131 (decimal 305)
   defining Unicode char U+0141 (decimal 321)
   defining Unicode char U+0142 (decimal 322)
   defining Unicode char U+0152 (decimal 338)
   defining Unicode char U+0153 (decimal 339)
   defining Unicode char U+0174 (decimal 372)
   defining Unicode char U+0175 (decimal 373)
   defining Unicode char U+0176 (decimal 374)
   defining Unicode char U+0177 (decimal 375)
   defining Unicode char U+0218 (decimal 536)
   defining Unicode char U+0219 (decimal 537)
   defining Unicode char U+021A (decimal 538)
   defining Unicode char U+021B (decimal 539)
   defining Unicode char U+2013 (decimal 8211)
   defining Unicode char U+2014 (decimal 8212)
   defining Unicode char U+2018 (decimal 8216)
   defining Unicode char U+2019 (decimal 8217)
   defining Unicode char U+201C (decimal 8220)
   defining Unicode char U+201D (decimal 8221)
)
Now handling font encoding OMS ...
... processing UTF-8 mapping file for font encoding OMS
 ("C:\Users\claudio\AppData\Local\Programs\MiKTeX 2.9\tex\latex\base\omsenc.dfu
"
File: omsenc.dfu 2017/01/28 v1.1t UTF-8 support for inputenc
   defining Unicode char U+00A7 (decimal 167)
   defining Unicode char U+00B6 (decimal 182)
   defining Unicode char U+00B7 (decimal 183)
   defining Unicode char U+2020 (decimal 8224)
   defining Unicode char U+2021 (decimal 8225)
   defining Unicode char U+2022 (decimal 8226)
)
Now handling font encoding OMX ...
... no UTF-8 mapping file for font encoding OMX
Now handling font encoding U ...
... no UTF-8 mapping file for font encoding U
   defining Unicode char U+00A9 (decimal 169)
   defining Unicode char U+00AA (decimal 170)
   defining Unicode char U+00AE (decimal 174)
   defining Unicode char U+00BA (decimal 186)
   defining Unicode char U+02C6 (decimal 710)
   defining Unicode char U+02DC (decimal 732)
   defining Unicode char U+200C (decimal 8204)
   defining Unicode char U+2026 (decimal 8230)
   defining Unicode char U+2122 (decimal 8482)
   defining Unicode char U+2423 (decimal 9251)
))
("C:\Users\claudio\AppData\Local\Programs\MiKTeX 2.9\tex\latex\geometry\geometr
y.sty"
Package: geometry 2010/09/12 v5.6 Page Geometry

("C:\Users\claudio\AppData\Local\Programs\MiKTeX 2.9\tex\generic\oberdiek\ifpdf
.sty"
Package: ifpdf 2017/03/15 v3.2 Provides the ifpdf switch
)
("C:\Users\claudio\AppData\Local\Programs\MiKTeX 2.9\tex\generic\oberdiek\ifvte
x.sty"
Package: ifvtex 2016/05/16 v1.6 Detect VTeX and its facilities (HO)
Package ifvtex Info: VTeX not detected.
)
("C:\Users\claudio\AppData\Local\Programs\MiKTeX 2.9\tex\generic\ifxetex\ifxete
x.sty"
Package: ifxetex 2010/09/12 v0.6 Provides ifxetex conditional
)
\Gm@cnth=\count88
\Gm@cntv=\count89
\c@Gm@tempcnt=\count90
\Gm@bindingoffset=\dimen103
\Gm@wd@mp=\dimen104
\Gm@odd@mp=\dimen105
\Gm@even@mp=\dimen106
\Gm@layoutwidth=\dimen107
\Gm@layoutheight=\dimen108
\Gm@layouthoffset=\dimen109
\Gm@layoutvoffset=\dimen110
\Gm@dimlist=\toks17

("C:\Users\claudio\AppData\Local\Programs\MiKTeX 2.9\tex\latex\geometry\geometr
y.cfg"))
("C:\Users\claudio\AppData\Local\Programs\MiKTeX 2.9\tex\latex\graphics\graphic
x.sty"
Package: graphicx 2017/06/01 v1.1a Enhanced LaTeX Graphics (DPC,SPQR)

("C:\Users\claudio\AppData\Local\Programs\MiKTeX 2.9\tex\latex\graphics\graphic
s.sty"
Package: graphics 2017/06/25 v1.2c Standard LaTeX Graphics (DPC,SPQR)

("C:\Users\claudio\AppData\Local\Programs\MiKTeX 2.9\tex\latex\graphics\trig.st
y"
Package: trig 2016/01/03 v1.10 sin cos tan (DPC)
)
("C:\Users\claudio\AppData\Local\Programs\MiKTeX 2.9\tex\latex\graphics-cfg\gra
phics.cfg"
File: graphics.cfg 2016/06/04 v1.11 sample graphics configuration
)
Package graphics Info: Driver file: pdftex.def on input line 99.

("C:\Users\claudio\AppData\Local\Programs\MiKTeX 2.9\tex\latex\graphics-def\pdf
tex.def"
File: pdftex.def 2018/01/08 v1.0l Graphics/color driver for pdftex
))
\Gin@req@height=\dimen111
\Gin@req@width=\dimen112
)
("C:\Users\claudio\AppData\Local\Programs\MiKTeX 2.9\tex\latex\booktabs\booktab
s.sty"
Package: booktabs 2005/04/14 v1.61803 publication quality tables
\heavyrulewidth=\dimen113
\lightrulewidth=\dimen114
\cmidrulewidth=\dimen115
\belowrulesep=\dimen116
\belowbottomsep=\dimen117
\aboverulesep=\dimen118
\abovetopsep=\dimen119
\cmidrulesep=\dimen120
\cmidrulekern=\dimen121
\defaultaddspace=\dimen122
\@cmidla=\count91
\@cmidlb=\count92
\@aboverulesep=\dimen123
\@belowrulesep=\dimen124
\@thisruleclass=\count93
\@lastruleclass=\count94
\@thisrulewidth=\dimen125
)
("C:\Users\claudio\AppData\Local\Programs\MiKTeX 2.9\tex\latex\tools\array.sty"
Package: array 2016/10/06 v2.4d Tabular extension package (FMi)
\col@sep=\dimen126
\extrarowheight=\dimen127
\NC@list=\toks18
\extratabsurround=\skip48
\backup@length=\skip49
)
("C:\Users\claudio\AppData\Local\Programs\MiKTeX 2.9\tex\latex\paralist\paralis
t.sty"
Package: paralist 2017/01/22 v2.7 Extended list environments
\pltopsep=\skip50
\plpartopsep=\skip51
\plitemsep=\skip52
\plparsep=\skip53
\pl@lab=\toks19
)
("C:\Users\claudio\AppData\Local\Programs\MiKTeX 2.9\tex\latex\tools\verbatim.s
ty"
Package: verbatim 2014/10/28 v1.5q LaTeX2e package for verbatim enhancements
\every@verbatim=\toks20
\verbatim@line=\toks21
\verbatim@in@stream=\read1
)
("C:\Users\claudio\AppData\Local\Programs\MiKTeX 2.9\tex\latex\subfig\subfig.st
y"
Package: subfig 2005/06/28 ver: 1.3 subfig package

("C:\Users\claudio\AppData\Local\Programs\MiKTeX 2.9\tex\latex\caption\caption.
sty"
Package: caption 2016/02/21 v3.3-144 Customizing captions (AR)

("C:\Users\claudio\AppData\Local\Programs\MiKTeX 2.9\tex\latex\caption\caption3
.sty"
Package: caption3 2016/05/22 v1.7-166 caption3 kernel (AR)
Package caption3 Info: TeX engine: e-TeX on input line 67.
\captionmargin=\dimen128
\captionmargin@=\dimen129
\captionwidth=\dimen130
\caption@tempdima=\dimen131
\caption@indent=\dimen132
\caption@parindent=\dimen133
\caption@hangindent=\dimen134
)
\c@ContinuedFloat=\count95
)
\c@KVtest=\count96
\sf@farskip=\skip54
\sf@captopadj=\dimen135
\sf@capskip=\skip55
\sf@nearskip=\skip56
\c@subfigure=\count97
\c@subfigure@save=\count98
\c@lofdepth=\count99
\c@subtable=\count100
\c@subtable@save=\count101
\c@lotdepth=\count102
\sf@top=\skip57
\sf@bottom=\skip58
)
("C:\Users\claudio\AppData\Local\Programs\MiKTeX 2.9\tex\latex\adjustbox\adjust
box.sty"
Package: adjustbox 2012/05/21 v1.0 Adjusting TeX boxes (trim, clip, ...)

("C:\Users\claudio\AppData\Local\Programs\MiKTeX 2.9\tex\latex\xkeyval\xkeyval.
sty"
Package: xkeyval 2014/12/03 v2.7a package option processing (HA)

("C:\Users\claudio\AppData\Local\Programs\MiKTeX 2.9\tex\generic\xkeyval\xkeyva
l.tex"
("C:\Users\claudio\AppData\Local\Programs\MiKTeX 2.9\tex\generic\xkeyval\xkvuti
ls.tex"
\XKV@toks=\toks22
\XKV@tempa@toks=\toks23
)
\XKV@depth=\count103
File: xkeyval.tex 2014/12/03 v2.7a key=value parser (HA)
))
("C:\Users\claudio\AppData\Local\Programs\MiKTeX 2.9\tex\latex\adjustbox\adjcal
c.sty"
Package: adjcalc 2012/05/16 v1.1 Provides advanced setlength with multiple back
-ends (calc, etex, pgfmath)
)
("C:\Users\claudio\AppData\Local\Programs\MiKTeX 2.9\tex\latex\adjustbox\trimcl
ip.sty"
Package: trimclip 2012/05/16 v1.0 Trim and clip general TeX material

("C:\Users\claudio\AppData\Local\Programs\MiKTeX 2.9\tex\latex\collectbox\colle
ctbox.sty"
Package: collectbox 2012/05/17 v0.4b Collect macro arguments as boxes
\collectedbox=\box26
)
\tc@llx=\dimen136
\tc@lly=\dimen137
\tc@urx=\dimen138
\tc@ury=\dimen139
Package trimclip Info: Using driver 'tc-pdftex.def'.

("C:\Users\claudio\AppData\Local\Programs\MiKTeX 2.9\tex\latex\adjustbox\tc-pdf
tex.def"
File: tc-pdftex.def 2012/05/13 v1.0 Clipping driver for pdftex
))
\adjbox@Width=\dimen140
\adjbox@Height=\dimen141
\adjbox@Depth=\dimen142
\adjbox@Totalheight=\dimen143

("C:\Users\claudio\AppData\Local\Programs\MiKTeX 2.9\tex\latex\ifoddpage\ifoddp
age.sty"
Package: ifoddpage 2016/04/23 v1.1 Conditionals for odd/even page detection
\c@checkoddpage=\count104
)
("C:\Users\claudio\AppData\Local\Programs\MiKTeX 2.9\tex\latex\ltxmisc\varwidth
.sty"
Package: varwidth 2009/03/30 ver 0.92;  Variable-width minipages
\@vwid@box=\box27
\sift@deathcycles=\count105
\@vwid@loff=\dimen144
\@vwid@roff=\dimen145
))
("C:\Users\claudio\AppData\Local\Programs\MiKTeX 2.9\tex\latex\listings\listing
s.sty"
\lst@mode=\count106
\lst@gtempboxa=\box28
\lst@token=\toks24
\lst@length=\count107
\lst@currlwidth=\dimen146
\lst@column=\count108
\lst@pos=\count109
\lst@lostspace=\dimen147
\lst@width=\dimen148
\lst@newlines=\count110
\lst@lineno=\count111
\lst@maxwidth=\dimen149

("C:\Users\claudio\AppData\Local\Programs\MiKTeX 2.9\tex\latex\listings\lstmisc
.sty"
File: lstmisc.sty 2015/06/04 1.6 (Carsten Heinz)
\c@lstnumber=\count112
\lst@skipnumbers=\count113
\lst@framebox=\box29
)
("C:\Users\claudio\AppData\Local\Programs\MiKTeX 2.9\tex\latex\listings\listing
s.cfg"
File: listings.cfg 2015/06/04 1.6 listings configuration
))
Package: listings 2015/06/04 1.6 (Carsten Heinz)

("C:\Users\claudio\AppData\Local\Programs\MiKTeX 2.9\tex\latex\graphics\color.s
ty"
Package: color 2016/07/10 v1.1e Standard LaTeX Color (DPC)

("C:\Users\claudio\AppData\Local\Programs\MiKTeX 2.9\tex\latex\graphics-cfg\col
or.cfg"
File: color.cfg 2016/01/02 v1.6 sample color configuration
)
Package color Info: Driver file: pdftex.def on input line 147.
)
("C:\Users\claudio\AppData\Local\Programs\MiKTeX 2.9\tex\latex\tools\multicol.s
ty"
Package: multicol 2017/04/11 v1.8q multicolumn formatting (FMi)
\c@tracingmulticols=\count114
\mult@box=\box30
\multicol@leftmargin=\dimen150
\c@unbalance=\count115
\c@collectmore=\count116
\doublecol@number=\count117
\multicoltolerance=\count118
\multicolpretolerance=\count119
\full@width=\dimen151
\page@free=\dimen152
\premulticols=\dimen153
\postmulticols=\dimen154
\multicolsep=\skip59
\multicolbaselineskip=\skip60
\partial@page=\box31
\last@line=\box32
\maxbalancingoverflow=\dimen155
\mult@rightbox=\box33
\mult@grightbox=\box34
\mult@gfirstbox=\box35
\mult@firstbox=\box36
\@tempa=\box37
\@tempa=\box38
\@tempa=\box39
\@tempa=\box40
\@tempa=\box41
\@tempa=\box42
\@tempa=\box43
\@tempa=\box44
\@tempa=\box45
\@tempa=\box46
\@tempa=\box47
\@tempa=\box48
\@tempa=\box49
\@tempa=\box50
\@tempa=\box51
\@tempa=\box52
\@tempa=\box53
\c@columnbadness=\count120
\c@finalcolumnbadness=\count121
\last@try=\dimen156
\multicolovershoot=\dimen157
\multicolundershoot=\dimen158
\mult@nat@firstbox=\box54
\colbreak@box=\box55
\mc@col@check@num=\count122
)
("C:\Users\claudio\AppData\Local\Programs\MiKTeX 2.9\tex\latex\amsmath\amsmath.
sty"
Package: amsmath 2017/09/02 v2.17a AMS math features
\@mathmargin=\skip61

For additional information on amsmath, use the `?' option.

("C:\Users\claudio\AppData\Local\Programs\MiKTeX 2.9\tex\latex\amsmath\amstext.
sty"
Package: amstext 2000/06/29 v2.01 AMS text

("C:\Users\claudio\AppData\Local\Programs\MiKTeX 2.9\tex\latex\amsmath\amsgen.s
ty"
File: amsgen.sty 1999/11/30 v2.0 generic functions
\@emptytoks=\toks25
\ex@=\dimen159
))
("C:\Users\claudio\AppData\Local\Programs\MiKTeX 2.9\tex\latex\amsmath\amsbsy.s
ty"
Package: amsbsy 1999/11/29 v1.2d Bold Symbols
\pmbraise@=\dimen160
)
("C:\Users\claudio\AppData\Local\Programs\MiKTeX 2.9\tex\latex\amsmath\amsopn.s
ty"
Package: amsopn 2016/03/08 v2.02 operator names
)
\inf@bad=\count123
LaTeX Info: Redefining \frac on input line 213.
\uproot@=\count124
\leftroot@=\count125
LaTeX Info: Redefining \overline on input line 375.
\classnum@=\count126
\DOTSCASE@=\count127
LaTeX Info: Redefining \ldots on input line 472.
LaTeX Info: Redefining \dots on input line 475.
LaTeX Info: Redefining \cdots on input line 596.
\Mathstrutbox@=\box56
\strutbox@=\box57
\big@size=\dimen161
LaTeX Font Info:    Redeclaring font encoding OML on input line 712.
LaTeX Font Info:    Redeclaring font encoding OMS on input line 713.
\macc@depth=\count128
\c@MaxMatrixCols=\count129
\dotsspace@=\muskip10
\c@parentequation=\count130
\dspbrk@lvl=\count131
\tag@help=\toks26
\row@=\count132
\column@=\count133
\maxfields@=\count134
\andhelp@=\toks27
\eqnshift@=\dimen162
\alignsep@=\dimen163
\tagshift@=\dimen164
\tagwidth@=\dimen165
\totwidth@=\dimen166
\lineht@=\dimen167
\@envbody=\toks28
\multlinegap=\skip62
\multlinetaggap=\skip63
\mathdisplay@stack=\toks29
LaTeX Info: Redefining \[ on input line 2817.
LaTeX Info: Redefining \] on input line 2818.
)
("C:\Users\claudio\AppData\Local\Programs\MiKTeX 2.9\tex\latex\mathtools\mathto
ols.sty"
Package: mathtools 2018/01/08 v1.21 mathematical typesetting tools

("C:\Users\claudio\AppData\Local\Programs\MiKTeX 2.9\tex\latex\tools\calc.sty"
Package: calc 2014/10/28 v4.3 Infix arithmetic (KKT,FJ)
\calc@Acount=\count135
\calc@Bcount=\count136
\calc@Adimen=\dimen168
\calc@Bdimen=\dimen169
\calc@Askip=\skip64
\calc@Bskip=\skip65
LaTeX Info: Redefining \setlength on input line 80.
LaTeX Info: Redefining \addtolength on input line 81.
\calc@Ccount=\count137
\calc@Cskip=\skip66
)
("C:\Users\claudio\AppData\Local\Programs\MiKTeX 2.9\tex\latex\mathtools\mhsetu
p.sty"
Package: mhsetup 2017/03/31 v1.3 programming setup (MH)
)
LaTeX Info: Thecontrolsequence`\('isalreadyrobust on input line 129.
LaTeX Info: Thecontrolsequence`\)'isalreadyrobust on input line 129.
LaTeX Info: Thecontrolsequence`\['isalreadyrobust on input line 129.
LaTeX Info: Thecontrolsequence`\]'isalreadyrobust on input line 129.
\g_MT_multlinerow_int=\count138
\l_MT_multwidth_dim=\dimen170
\origjot=\skip67
\l_MT_shortvdotswithinadjustabove_dim=\dimen171
\l_MT_shortvdotswithinadjustbelow_dim=\dimen172
\l_MT_above_intertext_sep=\dimen173
\l_MT_below_intertext_sep=\dimen174
\l_MT_above_shortintertext_sep=\dimen175
\l_MT_below_shortintertext_sep=\dimen176
)
("C:\Users\claudio\AppData\Local\Programs\MiKTeX 2.9\tex\latex\pdfpages\pdfpage
s.sty"
Package: pdfpages 2017/10/31 v0.5l Insert pages of external PDF documents (AM)

("C:\Users\claudio\AppData\Local\Programs\MiKTeX 2.9\tex\latex\base\ifthen.sty"
Package: ifthen 2014/09/29 v1.1c Standard LaTeX ifthen package (DPC)
)
("C:\Users\claudio\AppData\Local\Programs\MiKTeX 2.9\tex\latex\eso-pic\eso-pic.
sty"
Package: eso-pic 2018/04/12 v2.0h eso-pic (RN)

("C:\Users\claudio\AppData\Local\Programs\MiKTeX 2.9\tex\generic\oberdiek\atbeg
shi.sty"
Package: atbegshi 2016/06/09 v1.18 At begin shipout hook (HO)

("C:\Users\claudio\AppData\Local\Programs\MiKTeX 2.9\tex\generic\oberdiek\infwa
rerr.sty"
Package: infwarerr 2016/05/16 v1.4 Providing info/warning/error messages (HO)
)
("C:\Users\claudio\AppData\Local\Programs\MiKTeX 2.9\tex\generic\oberdiek\ltxcm
ds.sty"
Package: ltxcmds 2016/05/16 v1.23 LaTeX kernel commands for general use (HO)
)))
\AM@pagewidth=\dimen177
\AM@pageheight=\dimen178

("C:\Users\claudio\AppData\Local\Programs\MiKTeX 2.9\tex\latex\pdfpages\pppdfte
x.def"
File: pppdftex.def 2017/10/31 v0.5l Pdfpages driver for pdfTeX (AM)
)
\AM@pagebox=\box58
\AM@global@opts=\toks30
\AM@toc@title=\toks31
\c@AM@survey=\count139
\AM@templatesizebox=\box59
)
("C:\Users\claudio\AppData\Local\Programs\MiKTeX 2.9\tex\latex\listings\lstlang
1.sty"
File: lstlang1.sty 2015/06/04 1.6 listings language file
)
("C:\Users\claudio\AppData\Local\Programs\MiKTeX 2.9\tex\latex\fancyhdr\fancyhd
r.sty"
Package: fancyhdr 2017/06/30 v3.9a Extensive control of page headers and footer
s
\f@nch@headwidth=\skip68
\f@nch@O@elh=\skip69
\f@nch@O@erh=\skip70
\f@nch@O@olh=\skip71
\f@nch@O@orh=\skip72
\f@nch@O@elf=\skip73
\f@nch@O@erf=\skip74
\f@nch@O@olf=\skip75
\f@nch@O@orf=\skip76
)
("C:\Users\claudio\AppData\Local\Programs\MiKTeX 2.9\tex\latex\sectsty\sectsty.
sty"
Package: sectsty 2002/02/25 v2.0.2 Commands to change all sectional heading sty
les
)
("C:\Users\claudio\AppData\Local\Programs\MiKTeX 2.9\tex\latex\tocbibind\tocbib
ind.sty"
Package: tocbibind 2010/10/13 v1.5k extra ToC listings
Package tocbibind Info: The document has section divisions on input line 50.


Package tocbibind Note: Using section or other style headings.

)
("C:\Users\claudio\AppData\Local\Programs\MiKTeX 2.9\tex\latex\tocloft\tocloft.
sty"
Package: tocloft 2017/08/31 v2.3i parameterised ToC, etc., typesetting
Package tocloft Info: The document has section divisions on input line 51.
\cftparskip=\skip77
\cftbeforetoctitleskip=\skip78
\cftaftertoctitleskip=\skip79
\cftbeforepartskip=\skip80
\cftpartnumwidth=\skip81
\cftpartindent=\skip82
\cftbeforesecskip=\skip83
\cftsecindent=\skip84
\cftsecnumwidth=\skip85
\cftbeforesubsecskip=\skip86
\cftsubsecindent=\skip87
\cftsubsecnumwidth=\skip88
\cftbeforesubsubsecskip=\skip89
\cftsubsubsecindent=\skip90
\cftsubsubsecnumwidth=\skip91
\cftbeforeparaskip=\skip92
\cftparaindent=\skip93
\cftparanumwidth=\skip94
\cftbeforesubparaskip=\skip95
\cftsubparaindent=\skip96
\cftsubparanumwidth=\skip97
\cftbeforeloftitleskip=\skip98
\cftafterloftitleskip=\skip99
\cftbeforefigskip=\skip100
\cftfigindent=\skip101
\cftfignumwidth=\skip102
\cftbeforelottitleskip=\skip103
\cftafterlottitleskip=\skip104
\cftbeforetabskip=\skip105
\cfttabindent=\skip106
\cfttabnumwidth=\skip107
\cftbeforesubfigskip=\skip108
\cftsubfigindent=\skip109
\cftsubfignumwidth=\skip110
\cftbeforesubtabskip=\skip111
\cftsubtabindent=\skip112
\cftsubtabnumwidth=\skip113
)
("C:\Users\claudio\AppData\Local\Programs\MiKTeX 2.9\tex\latex\float\float.sty"
Package: float 2001/11/08 v1.3d Float enhancements (AL)
\c@float@type=\count140
\float@exts=\toks32
\float@box=\box60
\@float@everytoks=\toks33
\@floatcapt=\box61
)
("C:\Users\claudio\AppData\Local\Programs\MiKTeX 2.9\tex\latex\graphics\lscape.
sty"
Package: lscape 2000/10/22 v3.01 Landscape Pages (DPC)
)
("C:\Users\claudio\AppData\Local\Programs\MiKTeX 2.9\tex\latex\tools\tabularx.s
ty"
Package: tabularx 2016/02/03 v2.11 `tabularx' package (DPC)
\TX@col@width=\dimen179
\TX@old@table=\dimen180
\TX@old@col=\dimen181
\TX@target=\dimen182
\TX@delta=\dimen183
\TX@cols=\count141
\TX@ftn=\toks34
) (thesis.aux

LaTeX Warning: Label `fig:cmd' multiply defined.


LaTeX Warning: Label `Table:2' multiply defined.


LaTeX Warning: Label `fig:cmd' multiply defined.


LaTeX Warning: Label `fig:cmd' multiply defined.


LaTeX Warning: Label `fig:cmd' multiply defined.


LaTeX Warning: Label `Table:4' multiply defined.


LaTeX Warning: Label `fig:cmd' multiply defined.


LaTeX Warning: Label `fig:cmd' multiply defined.


LaTeX Warning: Label `fig:cmd' multiply defined.


LaTeX Warning: Label `fig:cmd' multiply defined.


LaTeX Warning: Label `fig:cmd' multiply defined.


LaTeX Warning: Label `fig:cmd' multiply defined.


LaTeX Warning: Label `fig:cmd' multiply defined.


LaTeX Warning: Label `Table:4' multiply defined.


LaTeX Warning: Label `fig:cmd' multiply defined.


LaTeX Warning: Label `fig:cmd' multiply defined.


LaTeX Warning: Label `fig:cmd' multiply defined.


LaTeX Warning: Label `fig:cmd' multiply defined.


LaTeX Warning: Label `fig:cmd' multiply defined.

)
\openout1 = `thesis.aux'.

LaTeX Font Info:    Checking defaults for OML/cmm/m/it on input line 97.
LaTeX Font Info:    ... okay on input line 97.
LaTeX Font Info:    Checking defaults for T1/cmr/m/n on input line 97.
LaTeX Font Info:    ... okay on input line 97.
LaTeX Font Info:    Checking defaults for OT1/cmr/m/n on input line 97.
LaTeX Font Info:    ... okay on input line 97.
LaTeX Font Info:    Checking defaults for OMS/cmsy/m/n on input line 97.
LaTeX Font Info:    ... okay on input line 97.
LaTeX Font Info:    Checking defaults for OMX/cmex/m/n on input line 97.
LaTeX Font Info:    ... okay on input line 97.
LaTeX Font Info:    Checking defaults for U/cmr/m/n on input line 97.
LaTeX Font Info:    ... okay on input line 97.

*geometry* driver: auto-detecting
*geometry* detected driver: pdftex
*geometry* verbose mode - [ preamble ] result:
* driver: pdftex
* paper: <default>
* layout: <same size as paper>
* layoutoffset:(h,v)=(0.0pt,0.0pt)
* modes: 
* h-part:(L,W,R)=(85.35826pt, 426.79141pt, 85.35826pt)
* v-part:(T,H,B)=(85.35826pt, 674.33041pt, 85.35826pt)
* \paperwidth=597.50793pt
* \paperheight=845.04694pt
* \textwidth=426.79141pt
* \textheight=674.33041pt
* \oddsidemargin=13.08827pt
* \evensidemargin=13.08827pt
* \topmargin=-24.31174pt
* \headheight=17.0pt
* \headsep=20.40001pt
* \topskip=11.0pt
* \footskip=47.6pt
* \marginparwidth=59.7508pt
* \marginparsep=12.8401pt
* \columnsep=10.0pt
* \skip\footins=10.0pt plus 4.0pt minus 2.0pt
* \hoffset=0.0pt
* \voffset=0.0pt
* \mag=1000
* \@twocolumnfalse
* \@twosidefalse
* \@mparswitchfalse
* \@reversemarginfalse
* (1in=72.27pt=25.4mm, 1cm=28.453pt)


("C:\Users\claudio\AppData\Local\Programs\MiKTeX 2.9\tex\context\base\supp-pdf.
mkii"
[Loading MPS to PDF converter (version 2006.09.02).]
\scratchcounter=\count142
\scratchdimen=\dimen184
\scratchbox=\box62
\nofMPsegments=\count143
\nofMParguments=\count144
\everyMPshowfont=\toks35
\MPscratchCnt=\count145
\MPscratchDim=\dimen185
\MPnumerator=\count146
\makeMPintoPDFobject=\count147
\everyMPtoPDFconversion=\toks36
)
("C:\Users\claudio\AppData\Local\Programs\MiKTeX 2.9\tex\latex\oberdiek\epstopd
f-base.sty"
Package: epstopdf-base 2016/05/15 v2.6 Base part for package epstopdf

("C:\Users\claudio\AppData\Local\Programs\MiKTeX 2.9\tex\latex\oberdiek\grfext.
sty"
Package: grfext 2016/05/16 v1.2 Manage graphics extensions (HO)

("C:\Users\claudio\AppData\Local\Programs\MiKTeX 2.9\tex\generic\oberdiek\kvdef
inekeys.sty"
Package: kvdefinekeys 2016/05/16 v1.4 Define keys (HO)
))
("C:\Users\claudio\AppData\Local\Programs\MiKTeX 2.9\tex\latex\oberdiek\kvoptio
ns.sty"
Package: kvoptions 2016/05/16 v3.12 Key value format for package options (HO)

("C:\Users\claudio\AppData\Local\Programs\MiKTeX 2.9\tex\generic\oberdiek\kvset
keys.sty"
Package: kvsetkeys 2016/05/16 v1.17 Key value parser (HO)

("C:\Users\claudio\AppData\Local\Programs\MiKTeX 2.9\tex\generic\oberdiek\etexc
mds.sty"
Package: etexcmds 2016/05/16 v1.6 Avoid name clashes with e-TeX commands (HO)

("C:\Users\claudio\AppData\Local\Programs\MiKTeX 2.9\tex\generic\oberdiek\iflua
tex.sty"
Package: ifluatex 2016/05/16 v1.4 Provides the ifluatex switch (HO)
Package ifluatex Info: LuaTeX not detected.
)
Package etexcmds Info: Could not find \expanded.
(etexcmds)             That can mean that you are not using pdfTeX 1.50 or
(etexcmds)             that some package has redefined \expanded.
(etexcmds)             In the latter case, load this package earlier.
)))
("C:\Users\claudio\AppData\Local\Programs\MiKTeX 2.9\tex\generic\oberdiek\pdfte
xcmds.sty"
Package: pdftexcmds 2018/01/21 v0.26 Utility functions of pdfTeX for LuaTeX (HO
)
Package pdftexcmds Info: LuaTeX not detected.
Package pdftexcmds Info: \pdf@primitive is available.
Package pdftexcmds Info: \pdf@ifprimitive is available.
Package pdftexcmds Info: \pdfdraftmode found.
)
Package epstopdf-base Info: Redefining graphics rule for `.eps' on input line 4
38.
Package grfext Info: Graphics extension search list:
(grfext)             [.pdf,.png,.jpg,.mps,.jpeg,.jbig2,.jb2,.PDF,.PNG,.JPG,.JPE
G,.JBIG2,.JB2,.eps]
(grfext)             \AppendGraphicsExtensions on input line 456.
)
Package caption Info: Begin \AtBeginDocument code.
Package caption Info: subfig package v1.3 is loaded.
Package caption Info: float package is loaded.
Package caption Info: listings package is loaded.
Package caption Info: End \AtBeginDocument code.
\c@lstlisting=\count148
\AtBeginShipoutBox=\box63

("C:\Users\claudio\AppData\Local\Programs\MiKTeX 2.9\tex\latex\oberdiek\pdflsca
pe.sty"
Package: pdflscape 2016/05/14 v0.11 Display of landscape pages in PDF (HO)
Package pdflscape Info: Auto-detected driver: pdftex on input line 81.
)
<frontespizio.pdf, id=1, 597.50829pt x 845.0471pt>
File: frontespizio.pdf Graphic file (type pdf)
<use frontespizio.pdf>
Package pdftex.def Info: frontespizio.pdf  used on input line 99.
(pdftex.def)             Requested size: 597.50682pt x 845.04504pt.
File: frontespizio.pdf Graphic file (type pdf)
<use frontespizio.pdf>
Package pdftex.def Info: frontespizio.pdf  used on input line 99.
(pdftex.def)             Requested size: 597.50682pt x 845.04504pt.
<frontespizio.pdf, id=4, page=1, 597.50829pt x 845.0471pt>
File: frontespizio.pdf Graphic file (type pdf)
<use frontespizio.pdf, page 1>
Package pdftex.def Info: frontespizio.pdf , page1 used on input line 99.
(pdftex.def)             Requested size: 597.50682pt x 845.04504pt.
File: frontespizio.pdf Graphic file (type pdf)
<use frontespizio.pdf, page 1>
Package pdftex.def Info: frontespizio.pdf , page1 used on input line 99.
(pdftex.def)             Requested size: 597.53416pt x 845.08372pt.
File: frontespizio.pdf Graphic file (type pdf)
<use frontespizio.pdf, page 1>
Package pdftex.def Info: frontespizio.pdf , page1 used on input line 99.
(pdftex.def)             Requested size: 597.53416pt x 845.08372pt.
File: frontespizio.pdf Graphic file (type pdf)
<use frontespizio.pdf, page 1>
Package pdftex.def Info: frontespizio.pdf , page1 used on input line 99.
(pdftex.def)             Requested size: 597.53416pt x 845.08372pt.
File: frontespizio.pdf Graphic file (type pdf)
<use frontespizio.pdf, page 1>
Package pdftex.def Info: frontespizio.pdf , page1 used on input line 99.
(pdftex.def)             Requested size: 597.53416pt x 845.08372pt.
 [1

 <./frontespizio.pdf{C:/Users/claudio/AppData/Local/MiKTeX/2.9/pdftex/config/pd
ftex.map}>] (thesis.toc
Overfull \hbox (3.48216pt too wide) in paragraph at lines 17--17
 [][] []\OT1/cmr/m/n/10.95 API rec-om-men-da-tion with reuse con-ducive de-vel-
op-ment en-vi-ron-ment: Code- 
 []

)
\tf@toc=\write3
\openout3 = `thesis.toc'.

 [2] (chapters/Introduction.tex
LaTeX Font Info:    Try loading font information for OMS+cmr on input line 8.

("C:\Users\claudio\AppData\Local\Programs\MiKTeX 2.9\tex\latex\base\omscmr.fd"
File: omscmr.fd 2014/09/29 v2.5h Standard LaTeX font definitions
)
LaTeX Font Info:    Font shape `OMS/cmr/m/n' in size <10.95> not available
(Font)              Font shape `OMS/cmsy/m/n' tried instead on input line 8.
[3]
Underfull \hbox (badness 10000) in paragraph at lines 15--16

 []

<images/crossminer.png, id=41, 1062.86742pt x 465.60155pt>
File: images/crossminer.png Graphic file (type png)
<use images/crossminer.png>
Package pdftex.def Info: images/crossminer.png  used on input line 19.
(pdftex.def)             Requested size: 398.33102pt x 174.49358pt.
<images/Kb.png, id=43, 762.85pt x 706.64pt>
File: images/Kb.png Graphic file (type png)
<use images/Kb.png>
Package pdftex.def Info: images/Kb.png  used on input line 28.
(pdftex.def)             Requested size: 341.42854pt x 316.27065pt.
[4 <./images/crossminer.png>]) [5 <./images/Kb.png (PNG copy)>]
(chapters/ProblemDef.tex [6] [7] [8] [9] [10] [11]
Underfull \hbox (badness 10000) in paragraph at lines 59--59
[]|\OT1/cmr/bx/n/10.95 Code cloner
 []


Underfull \hbox (badness 10000) in paragraph at lines 78--79

 []

[12]
<images/codeCloning.png, id=74, 773.89125pt x 402.50375pt>
File: images/codeCloning.png Graphic file (type png)
<use images/codeCloning.png>
Package pdftex.def Info: images/codeCloning.png  used on input line 81.
(pdftex.def)             Requested size: 398.33998pt x 207.17812pt.

Underfull \hbox (badness 10000) in paragraph at lines 87--90

 []

[13 <./images/codeCloning.png>] [14] [15] [16]
Underfull \hbox (badness 3068) in paragraph at lines 127--127
[]|\OT1/cmr/m/n/10 none , pos-si-ble val-ues:
 []


Underfull \hbox (badness 1253) in paragraph at lines 141--142
\OT1/cmr/m/n/10 com-par-i-son (start/end line must be
 []


Underfull \hbox (badness 1210) in paragraph at lines 143--144
[]|\OT1/cmr/m/n/10 The curly braces are ig-nored so it
 []

[17] [18]
Underfull \hbox (badness 10000) in paragraph at lines 186--187
[]|\OT1/cmr/bx/n/10 Similarity level
 []


Underfull \hbox (badness 10000) in paragraph at lines 186--187
\OT1/cmr/bx/n/10 (du-pli-cated
 []


Underfull \hbox (badness 4543) in paragraph at lines 188--188
[]|\OT1/cmr/m/n/10 Plugin projects cre-ated with
 []

) (chapters/RelatedWorks.tex [19] [20] [21] [22] [23] [24] [25] [26] [27]
[28] [29] [30] [31]
Underfull \hbox (badness 10000) in paragraph at lines 169--169
[]|\OT1/cmr/bx/n/10.95 Proposed
 []


Overfull \hbox (0.57402pt too wide) in paragraph at lines 169--169
[]|\OT1/cmr/bx/n/10.95 Supported
 []


Underfull \hbox (badness 10000) in paragraph at lines 173--173
[]|\OT1/cmr/m/n/10.95 Roselyn AST
 []


Underfull \hbox (badness 1939) in paragraph at lines 173--174
[]|\OT1/cmr/m/n/10.95 Probabilistic graph of
 []


Underfull \hbox (badness 10000) in paragraph at lines 177--177
[]|\OT1/cmr/m/n/10.95 GumTree AST
 []


Underfull \hbox (badness 10000) in paragraph at lines 177--177
[]|\OT1/cmr/m/n/10.95 Association-based
 []


Underfull \hbox (badness 10000) in paragraph at lines 179--179
[]|\OT1/cmr/m/n/10.95 Buse-Weimer
 []


Underfull \hbox (badness 10000) in paragraph at lines 179--179
[]|\OT1/cmr/m/n/10.95 Symbolic ex-e-
 []


Underfull \hbox (badness 4765) in paragraph at lines 179--179
\OT1/cmr/m/n/10.95 cu-tion for path
 []


Underfull \hbox (badness 10000) in paragraph at lines 181--181
[]|\OT1/cmr/m/n/10.95 Structural sim-i-
 []


Underfull \hbox (badness 10000) in paragraph at lines 181--182
[]|\OT1/cmr/m/n/10.95 Enhance doc-u-men-ta-
 []


Underfull \hbox (badness 10000) in paragraph at lines 183--183
[]|\OT1/cmr/m/n/10.95 API pat-terns
 []


Underfull \hbox (badness 10000) in paragraph at lines 183--183
\OT1/cmr/m/n/10.95 with ob-ject
 []


Underfull \hbox (badness 1735) in paragraph at lines 183--183
[]|\OT1/cmr/m/n/10.95 Modularity in-dex and
 []


Underfull \hbox (badness 7963) in paragraph at lines 187--187
[]|\OT1/cmr/m/n/10.95 Back-end search
 []


Underfull \hbox (badness 10000) in paragraph at lines 187--187
[]|\OT1/cmr/m/n/10.95 Discourse and user
 []


Underfull \hbox (badness 1337) in paragraph at lines 187--188
[]|\OT1/cmr/m/n/10.95 Relevant tasks, sig-na-
 []


Underfull \hbox (badness 10000) in paragraph at lines 189--189
[]|\OT1/cmr/m/n/10.95 heuristic slic-ing
 []


Underfull \hbox (badness 10000) in paragraph at lines 189--190
[]|\OT1/cmr/m/n/10.95 API method in-vo-ca-
 []


Underfull \hbox (badness 10000) in paragraph at lines 191--191
[]|\OT1/cmr/m/n/10.95 Structured EM
 []

[32]
<images/approach.png, id=141, 631.35875pt x 433.62pt>
File: images/approach.png Graphic file (type png)
<use images/approach.png>
Package pdftex.def Info: images/approach.png  used on input line 205.
(pdftex.def)             Requested size: 341.43924pt x 234.50198pt.
 [33]) (chapters/MyApproach.tex
<images/simian.png, id=145, 796.9775pt x 931.48pt>
File: images/simian.png Graphic file (type png)
<use images/simian.png>
Package pdftex.def Info: images/simian.png  used on input line 7.
(pdftex.def)             Requested size: 389.50087pt x 455.23528pt.
 [34 <./images/approach.png>] [35 <./images/simian.png>] [36]
<images/Component.png, id=157, 783.92876pt x 472.76625pt>
File: images/Component.png Graphic file (type png)
<use images/Component.png>
Package pdftex.def Info: images/Component.png  used on input line 72.
(pdftex.def)             Requested size: 341.43687pt x 205.91135pt.
 [37] [38] [39 <./images/Component.png>]
<images/Usecase.png, id=169, 581.17125pt x 502.87875pt>
File: images/Usecase.png Graphic file (type png)
<use images/Usecase.png>
Package pdftex.def Info: images/Usecase.png  used on input line 90.
(pdftex.def)             Requested size: 284.5281pt x 246.19789pt.
 [40 <./images/Usecase.png>]
<images/Sequence.png, id=174, 839.135pt x 783.92876pt>
File: images/Sequence.png Graphic file (type png)
<use images/Sequence.png>
Package pdftex.def Info: images/Sequence.png  used on input line 101.
(pdftex.def)             Requested size: 341.43552pt x 318.97267pt.
 [41] [42 <./images/Sequence.png>] [43]
Overfull \hbox (14.5023pt too wide) in paragraph at lines 238--239
[][][][][][][][][][][][][][][] 
 []


Overfull \hbox (19.43333pt too wide) in paragraph at lines 206--252
[][] [] 
 []

[44]) (chapters/Threats.tex
<images/rascal.png, id=189, 536.0025pt x 666.49pt>
File: images/rascal.png Graphic file (type png)
<use images/rascal.png>
Package pdftex.def Info: images/rascal.png  used on input line 7.
(pdftex.def)             Requested size: 320.35263pt x 398.34111pt.
 [45]
Underfull \hbox (badness 10000) in paragraph at lines 14--15

 []


Underfull \hbox (badness 10000) in paragraph at lines 16--19

 []

[46 <./images/rascal.png>]
Underfull \hbox (badness 10000) in paragraph at lines 20--21

 []


Overfull \hbox (18.35715pt too wide) in paragraph at lines 27--28
[]\OT1/cmr/m/n/10.95 Sophisticated built-in data types pro-vide stan-dard so-lu
-tions for many meta-programming
 []

[47]
<images/EASY.png, id=202, 578.16pt x 565.36218pt>
File: images/EASY.png Graphic file (type png)
<use images/EASY.png>
Package pdftex.def Info: images/EASY.png  used on input line 39.
(pdftex.def)             Requested size: 284.52713pt x 278.229pt.
<images/Folders.png, id=203, 352.31625pt x 562.1pt>
File: images/Folders.png Graphic file (type png)
<use images/Folders.png>
Package pdftex.def Info: images/Folders.png  used on input line 54.
(pdftex.def)             Requested size: 214.00406pt x 341.431pt.
 [48 <./images/EASY.png>] [49 <./images/Folders.png>]
Overfull \hbox (3.70483pt too wide) in paragraph at lines 97--98
[][][][][][][][][][][][][][][][][][][][][][][][][]  
 []


Overfull \hbox (19.4547pt too wide) in paragraph at lines 106--107
[][][][][][][][][][][][][][][][][][][][][][][][][]  
 []

[50]
Overfull \hbox (19.4547pt too wide) in paragraph at lines 117--118
[][][][][][][][][][][][][][][][][][][][][][][][][]  
 []


Overfull \hbox (14.20474pt too wide) in paragraph at lines 119--120
[][][][][][][][][][][][][][][][][][][][][]  
 []


Overfull \hbox (19.4547pt too wide) in paragraph at lines 121--122
[][][][][][][][][][][][][][][][][][][][][][][][][]  
 []


Overfull \hbox (24.70465pt too wide) in paragraph at lines 123--125
[][][][][][][][][][][][][][][][][][][][][][][][][]  
 []

[51]
Underfull \hbox (badness 10000) in paragraph at lines 166--167

 []


LaTeX Font Warning: Font shape `OT1/cmr/m/n' in size <15> not available
(Font)              size <14.4> substituted on input line 171.

LaTeX Font Info:    Calculating math sizes for size <15> on input line 173.

LaTeX Font Warning: Font shape `OT1/cmr/m/n' in size <10.49995> not available
(Font)              size <10.95> substituted on input line 173.


LaTeX Font Warning: Font shape `OT1/cmr/m/n' in size <7.5> not available
(Font)              size <7> substituted on input line 173.


LaTeX Font Warning: Font shape `OML/cmm/m/it' in size <15> not available
(Font)              size <14.4> substituted on input line 173.


LaTeX Font Warning: Font shape `OML/cmm/m/it' in size <10.49995> not available
(Font)              size <10.95> substituted on input line 173.


LaTeX Font Warning: Font shape `OML/cmm/m/it' in size <7.5> not available
(Font)              size <7> substituted on input line 173.


LaTeX Font Warning: Font shape `OMS/cmsy/m/n' in size <15> not available
(Font)              size <14.4> substituted on input line 173.


LaTeX Font Warning: Font shape `OMS/cmsy/m/n' in size <10.49995> not available
(Font)              size <10.95> substituted on input line 173.


LaTeX Font Warning: Font shape `OMS/cmsy/m/n' in size <7.5> not available
(Font)              size <7> substituted on input line 173.


LaTeX Font Warning: Font shape `OMX/cmex/m/n' in size <15> not available
(Font)              size <14.4> substituted on input line 173.


LaTeX Font Warning: Font shape `OMX/cmex/m/n' in size <10.49995> not available
(Font)              size <10.95> substituted on input line 173.


Underfull \hbox (badness 10000) in paragraph at lines 172--179

 []

[52]
<images/PAM.png, id=227, 732.7375pt x 1108.14pt>
File: images/PAM.png Graphic file (type png)
<use images/PAM.png>
Package pdftex.def Info: images/PAM.png  used on input line 203.
(pdftex.def)             Requested size: 301.01689pt x 455.23651pt.
 [53] [54 <./images/PAM.png>]
Underfull \hbox (badness 10000) in paragraph at lines 255--257

 []

<images/Precision.png, id=235, 616.55344pt x 346.29375pt>
File: images/Precision.png Graphic file (type png)
<use images/Precision.png>
Package pdftex.def Info: images/Precision.png  used on input line 259.
(pdftex.def)             Requested size: 398.34657pt x 223.73555pt.
[55]
<images/Recall.png, id=240, 616.55344pt x 346.29375pt>
File: images/Recall.png Graphic file (type png)
<use images/Recall.png>
Package pdftex.def Info: images/Recall.png  used on input line 266.
(pdftex.def)             Requested size: 398.34657pt x 223.73555pt.
<images/SuccRate.png, id=241, 620.3175pt x 346.29375pt>
File: images/SuccRate.png Graphic file (type png)
<use images/SuccRate.png>
Package pdftex.def Info: images/SuccRate.png  used on input line 274.
(pdftex.def)             Requested size: 398.33646pt x 222.37228pt.
 [56 <./images/Precision.png> <./images/Recall.png>]
<images/Fmeasure.png, id=245, 620.3175pt x 346.29375pt>
File: images/Fmeasure.png Graphic file (type png)
<use images/Fmeasure.png>
Package pdftex.def Info: images/Fmeasure.png  used on input line 282.
(pdftex.def)             Requested size: 398.33646pt x 222.37228pt.
<images/time.png, id=246, 616.55344pt x 346.29375pt>
File: images/time.png Graphic file (type png)
<use images/time.png>
Package pdftex.def Info: images/time.png  used on input line 292.
(pdftex.def)             Requested size: 398.34657pt x 223.73555pt.
 [57 <./images/SuccRate.png> <./images/Fmeasure.png>]) (chapters/Conclusion.tex
) [58 <./images/time.png>] [59] (thesis.bbl [60]) [61] (thesis.aux)

LaTeX Font Warning: Size substitutions with differences
(Font)              up to 0.6pt have occurred.


LaTeX Warning: There were multiply-defined labels.

 ) 
Here is how much of TeX's memory you used:
 10141 strings out of 493305
 157730 string characters out of 3128932
 304380 words of memory out of 3000000
 13456 multiletter control sequences out of 15000+200000
 12115 words of font info for 44 fonts, out of 3000000 for 9000
 1141 hyphenation exceptions out of 8191
 51i,18n,77p,3314b,1777s stack positions out of 5000i,500n,10000p,200000b,50000s
<C:/Users/claudio/AppData/Local/Programs/MiKTeX 2.9/fonts/type1/public/amsfon
ts/cm/cmbx10.pfb><C:/Users/claudio/AppData/Local/Programs/MiKTeX 2.9/fonts/type
1/public/amsfonts/cm/cmbx12.pfb><C:/Users/claudio/AppData/Local/Programs/MiKTeX
 2.9/fonts/type1/public/amsfonts/cm/cmcsc10.pfb><C:/Users/claudio/AppData/Local
/Programs/MiKTeX 2.9/fonts/type1/public/amsfonts/cm/cmex10.pfb><C:/Users/claudi
o/AppData/Local/Programs/MiKTeX 2.9/fonts/type1/public/amsfonts/cm/cmmi10.pfb><
C:/Users/claudio/AppData/Local/Programs/MiKTeX 2.9/fonts/type1/public/amsfonts/
cm/cmmi12.pfb><C:/Users/claudio/AppData/Local/Programs/MiKTeX 2.9/fonts/type1/p
ublic/amsfonts/cm/cmmi7.pfb><C:/Users/claudio/AppData/Local/Programs/MiKTeX 2.9
/fonts/type1/public/amsfonts/cm/cmmi8.pfb><C:/Users/claudio/AppData/Local/Progr
ams/MiKTeX 2.9/fonts/type1/public/amsfonts/cm/cmr10.pfb><C:/Users/claudio/AppDa
ta/Local/Programs/MiKTeX 2.9/fonts/type1/public/amsfonts/cm/cmr12.pfb><C:/Users
/claudio/AppData/Local/Programs/MiKTeX 2.9/fonts/type1/public/amsfonts/cm/cmr8.
pfb><C:/Users/claudio/AppData/Local/Programs/MiKTeX 2.9/fonts/type1/public/amsf
onts/cm/cmss12.pfb><C:/Users/claudio/AppData/Local/Programs/MiKTeX 2.9/fonts/ty
pe1/public/amsfonts/cm/cmsy10.pfb><C:/Users/claudio/AppData/Local/Programs/MiKT
eX 2.9/fonts/type1/public/amsfonts/cm/cmti10.pfb><C:/Users/claudio/AppData/Loca
l/Programs/MiKTeX 2.9/fonts/type1/public/amsfonts/cm/cmtt10.pfb>
Output written on thesis.pdf (61 pages, 2608032 bytes).
PDF statistics:
 306 PDF objects out of 1000 (max. 8388607)
 0 named destinations out of 1000 (max. 500000)
 106 words of extra memory for PDF output out of 10000 (max. 10000000)

